Determining if the pthread_create exist failed with the following output:
Change Dir: /home/matt/Dropbox/Documents/CS184/final_proj/build/CMakeFiles/CMakeTmp

Run Build Command:"/usr/bin/make" "cmTC_d8ffb/fast"
/usr/bin/make -f CMakeFiles/cmTC_d8ffb.dir/build.make CMakeFiles/cmTC_d8ffb.dir/build
make[1]: Entering directory '/home/matt/Dropbox/Documents/CS184/final_proj/build/CMakeFiles/CMakeTmp'
Building C object CMakeFiles/cmTC_d8ffb.dir/CheckSymbolExists.c.o
/usr/bin/cc     -o CMakeFiles/cmTC_d8ffb.dir/CheckSymbolExists.c.o   -c /home/matt/Dropbox/Documents/CS184/final_proj/build/CMakeFiles/CMakeTmp/CheckSymbolExists.c
Linking C executable cmTC_d8ffb
/usr/bin/cmake -E cmake_link_script CMakeFiles/cmTC_d8ffb.dir/link.txt --verbose=1
/usr/bin/cc       CMakeFiles/cmTC_d8ffb.dir/CheckSymbolExists.c.o  -o cmTC_d8ffb -rdynamic 
CMakeFiles/cmTC_d8ffb.dir/CheckSymbolExists.c.o: In function `main':
CheckSymbolExists.c:(.text+0x16): undefined reference to `pthread_create'
collect2: error: ld returned 1 exit status
CMakeFiles/cmTC_d8ffb.dir/build.make:97: recipe for target 'cmTC_d8ffb' failed
make[1]: *** [cmTC_d8ffb] Error 1
make[1]: Leaving directory '/home/matt/Dropbox/Documents/CS184/final_proj/build/CMakeFiles/CMakeTmp'
Makefile:126: recipe for target 'cmTC_d8ffb/fast' failed
make: *** [cmTC_d8ffb/fast] Error 2

File /home/matt/Dropbox/Documents/CS184/final_proj/build/CMakeFiles/CMakeTmp/CheckSymbolExists.c:
/* */
#include <pthread.h>

int main(int argc, char** argv)
{
  (void)argv;
#ifndef pthread_create
  return ((int*)(&pthread_create))[argc];
#else
  (void)argc;
  return 0;
#endif
}

Determining if the function pthread_create exists in the pthreads failed with the following output:
Change Dir: /home/matt/Dropbox/Documents/CS184/final_proj/build/CMakeFiles/CMakeTmp

Run Build Command:"/usr/bin/make" "cmTC_feebd/fast"
/usr/bin/make -f CMakeFiles/cmTC_feebd.dir/build.make CMakeFiles/cmTC_feebd.dir/build
make[1]: Entering directory '/home/matt/Dropbox/Documents/CS184/final_proj/build/CMakeFiles/CMakeTmp'
Building C object CMakeFiles/cmTC_feebd.dir/CheckFunctionExists.c.o
/usr/bin/cc    -DCHECK_FUNCTION_EXISTS=pthread_create   -o CMakeFiles/cmTC_feebd.dir/CheckFunctionExists.c.o   -c /usr/share/cmake-3.5/Modules/CheckFunctionExists.c
Linking C executable cmTC_feebd
/usr/bin/cmake -E cmake_link_script CMakeFiles/cmTC_feebd.dir/link.txt --verbose=1
/usr/bin/cc   -DCHECK_FUNCTION_EXISTS=pthread_create    CMakeFiles/cmTC_feebd.dir/CheckFunctionExists.c.o  -o cmTC_feebd -rdynamic -lpthreads 
/usr/bin/ld: cannot find -lpthreads
collect2: error: ld returned 1 exit status
CMakeFiles/cmTC_feebd.dir/build.make:97: recipe for target 'cmTC_feebd' failed
make[1]: *** [cmTC_feebd] Error 1
make[1]: Leaving directory '/home/matt/Dropbox/Documents/CS184/final_proj/build/CMakeFiles/CMakeTmp'
Makefile:126: recipe for target 'cmTC_feebd/fast' failed
make: *** [cmTC_feebd/fast] Error 2


Determining if the function glXGetProcAddressEXT exists failed with the following output:
Change Dir: /home/matt/Dropbox/Documents/CS184/final_proj/build/CMakeFiles/CMakeTmp

Run Build Command:"/usr/bin/make" "cmTC_212f9/fast"
/usr/bin/make -f CMakeFiles/cmTC_212f9.dir/build.make CMakeFiles/cmTC_212f9.dir/build
make[1]: Entering directory '/home/matt/Dropbox/Documents/CS184/final_proj/build/CMakeFiles/CMakeTmp'
Building C object CMakeFiles/cmTC_212f9.dir/CheckFunctionExists.c.o
/usr/bin/cc    -DCHECK_FUNCTION_EXISTS=glXGetProcAddressEXT   -o CMakeFiles/cmTC_212f9.dir/CheckFunctionExists.c.o   -c /usr/share/cmake-3.5/Modules/CheckFunctionExists.c
Linking C executable cmTC_212f9
/usr/bin/cmake -E cmake_link_script CMakeFiles/cmTC_212f9.dir/link.txt --verbose=1
/usr/bin/cc   -DCHECK_FUNCTION_EXISTS=glXGetProcAddressEXT    CMakeFiles/cmTC_212f9.dir/CheckFunctionExists.c.o  -o cmTC_212f9 -rdynamic /usr/lib/x86_64-linux-gnu/libGL.so 
CMakeFiles/cmTC_212f9.dir/CheckFunctionExists.c.o: In function `main':
CheckFunctionExists.c:(.text+0x15): undefined reference to `glXGetProcAddressEXT'
collect2: error: ld returned 1 exit status
CMakeFiles/cmTC_212f9.dir/build.make:98: recipe for target 'cmTC_212f9' failed
make[1]: *** [cmTC_212f9] Error 1
make[1]: Leaving directory '/home/matt/Dropbox/Documents/CS184/final_proj/build/CMakeFiles/CMakeTmp'
Makefile:126: recipe for target 'cmTC_212f9/fast' failed
make: *** [cmTC_212f9/fast] Error 2


